mode: atomic
github.com/velariumai/pdv/internal/database/db.go:20.58,21.63 1 10
github.com/velariumai/pdv/internal/database/db.go:21.63,23.3 1 1
github.com/velariumai/pdv/internal/database/db.go:24.2,25.16 2 9
github.com/velariumai/pdv/internal/database/db.go:25.16,27.3 1 0
github.com/velariumai/pdv/internal/database/db.go:28.2,30.46 3 9
github.com/velariumai/pdv/internal/database/db.go:30.46,33.3 2 0
github.com/velariumai/pdv/internal/database/db.go:34.2,35.40 2 9
github.com/velariumai/pdv/internal/database/db.go:35.40,38.3 2 0
github.com/velariumai/pdv/internal/database/db.go:39.2,39.16 1 9
github.com/velariumai/pdv/internal/database/db.go:43.29,44.32 1 12
github.com/velariumai/pdv/internal/database/db.go:44.32,46.3 1 1
github.com/velariumai/pdv/internal/database/db.go:47.2,47.39 1 11
github.com/velariumai/pdv/internal/database/db.go:47.39,49.3 1 0
github.com/velariumai/pdv/internal/database/db.go:50.2,50.12 1 11
github.com/velariumai/pdv/internal/database/db.go:54.50,55.54 1 11
github.com/velariumai/pdv/internal/database/db.go:55.54,57.3 1 1
github.com/velariumai/pdv/internal/database/db.go:58.2,58.33 1 10
github.com/velariumai/pdv/internal/database/db.go:58.33,60.17 2 10
github.com/velariumai/pdv/internal/database/db.go:60.17,62.4 1 0
github.com/velariumai/pdv/internal/database/db.go:63.3,63.14 1 10
github.com/velariumai/pdv/internal/database/db.go:63.14,64.12 1 1
github.com/velariumai/pdv/internal/database/db.go:66.3,66.59 1 9
github.com/velariumai/pdv/internal/database/db.go:66.59,68.4 1 0
github.com/velariumai/pdv/internal/database/db.go:69.3,69.51 1 9
github.com/velariumai/pdv/internal/database/db.go:69.51,71.4 1 0
github.com/velariumai/pdv/internal/database/db.go:73.2,73.12 1 10
github.com/velariumai/pdv/internal/database/db.go:76.64,82.57 2 11
github.com/velariumai/pdv/internal/database/db.go:82.57,84.3 1 1
github.com/velariumai/pdv/internal/database/db.go:85.2,85.12 1 10
github.com/velariumai/pdv/internal/database/db.go:88.68,90.124 2 13
github.com/velariumai/pdv/internal/database/db.go:90.124,92.3 1 1
github.com/velariumai/pdv/internal/database/db.go:93.2,93.23 1 12
github.com/velariumai/pdv/internal/database/db.go:96.62,98.128 2 11
github.com/velariumai/pdv/internal/database/db.go:98.128,100.3 1 1
github.com/velariumai/pdv/internal/database/db.go:101.2,101.12 1 10
github.com/velariumai/pdv/internal/database/download.go:14.88,15.26 1 2
github.com/velariumai/pdv/internal/database/download.go:15.26,17.3 1 0
github.com/velariumai/pdv/internal/database/download.go:18.2,23.16 2 2
github.com/velariumai/pdv/internal/database/download.go:23.16,25.3 1 1
github.com/velariumai/pdv/internal/database/download.go:26.2,27.16 2 1
github.com/velariumai/pdv/internal/database/download.go:27.16,29.3 1 0
github.com/velariumai/pdv/internal/database/download.go:30.2,31.16 2 1
github.com/velariumai/pdv/internal/database/download.go:35.97,38.19 3 2
github.com/velariumai/pdv/internal/database/download.go:38.19,41.3 2 1
github.com/velariumai/pdv/internal/database/download.go:42.2,44.16 3 2
github.com/velariumai/pdv/internal/database/download.go:44.16,46.3 1 1
github.com/velariumai/pdv/internal/database/download.go:47.2,49.18 3 1
github.com/velariumai/pdv/internal/database/download.go:49.18,51.17 2 1
github.com/velariumai/pdv/internal/database/download.go:51.17,53.4 1 0
github.com/velariumai/pdv/internal/database/download.go:54.3,54.30 1 1
github.com/velariumai/pdv/internal/database/download.go:56.2,56.35 1 1
github.com/velariumai/pdv/internal/database/download.go:56.35,58.3 1 0
github.com/velariumai/pdv/internal/database/download.go:59.2,59.19 1 1
github.com/velariumai/pdv/internal/database/download.go:63.86,70.16 3 3
github.com/velariumai/pdv/internal/database/download.go:70.16,71.36 1 2
github.com/velariumai/pdv/internal/database/download.go:71.36,73.4 1 1
github.com/velariumai/pdv/internal/database/download.go:74.3,74.18 1 1
github.com/velariumai/pdv/internal/database/download.go:76.2,76.19 1 1
github.com/velariumai/pdv/internal/database/download.go:80.79,86.16 2 2
github.com/velariumai/pdv/internal/database/download.go:86.16,88.3 1 1
github.com/velariumai/pdv/internal/database/download.go:89.2,89.12 1 1
github.com/velariumai/pdv/internal/database/download.go:93.68,94.89 1 2
github.com/velariumai/pdv/internal/database/download.go:94.89,96.3 1 1
github.com/velariumai/pdv/internal/database/download.go:97.2,97.12 1 1
github.com/velariumai/pdv/internal/database/download.go:100.52,105.16 3 5
github.com/velariumai/pdv/internal/database/download.go:105.16,107.3 1 2
github.com/velariumai/pdv/internal/database/download.go:108.2,109.16 2 3
github.com/velariumai/pdv/internal/database/download.go:109.16,111.3 1 1
github.com/velariumai/pdv/internal/database/download.go:112.2,113.18 2 2
github.com/velariumai/pdv/internal/database/helpers.go:9.33,11.2 1 18
github.com/velariumai/pdv/internal/database/helpers.go:13.49,15.16 2 19
github.com/velariumai/pdv/internal/database/helpers.go:15.16,17.3 1 5
github.com/velariumai/pdv/internal/database/helpers.go:18.2,18.15 1 14
github.com/velariumai/pdv/internal/database/helpers.go:21.50,22.14 1 11
github.com/velariumai/pdv/internal/database/helpers.go:22.14,24.3 1 10
github.com/velariumai/pdv/internal/database/helpers.go:25.2,25.56 1 1
github.com/velariumai/pdv/internal/database/helpers.go:28.62,29.14 1 9
github.com/velariumai/pdv/internal/database/helpers.go:29.14,31.3 1 5
github.com/velariumai/pdv/internal/database/helpers.go:32.2,33.16 2 4
github.com/velariumai/pdv/internal/database/helpers.go:33.16,35.3 1 1
github.com/velariumai/pdv/internal/database/helpers.go:36.2,36.16 1 3
github.com/velariumai/pdv/internal/database/helpers.go:39.35,40.12 1 7
github.com/velariumai/pdv/internal/database/helpers.go:40.12,42.3 1 6
github.com/velariumai/pdv/internal/database/helpers.go:43.2,43.52 1 1
github.com/velariumai/pdv/internal/database/history.go:14.94,15.29 1 2
github.com/velariumai/pdv/internal/database/history.go:15.29,17.3 1 0
github.com/velariumai/pdv/internal/database/history.go:18.2,24.16 2 2
github.com/velariumai/pdv/internal/database/history.go:24.16,26.3 1 1
github.com/velariumai/pdv/internal/database/history.go:27.2,28.16 2 1
github.com/velariumai/pdv/internal/database/history.go:28.16,30.3 1 0
github.com/velariumai/pdv/internal/database/history.go:31.2,32.16 2 1
github.com/velariumai/pdv/internal/database/history.go:36.106,39.23 3 2
github.com/velariumai/pdv/internal/database/history.go:39.23,42.3 2 1
github.com/velariumai/pdv/internal/database/history.go:43.2,45.16 3 2
github.com/velariumai/pdv/internal/database/history.go:45.16,47.3 1 1
github.com/velariumai/pdv/internal/database/history.go:48.2,50.18 3 1
github.com/velariumai/pdv/internal/database/history.go:50.18,52.17 2 1
github.com/velariumai/pdv/internal/database/history.go:52.17,54.4 1 0
github.com/velariumai/pdv/internal/database/history.go:55.3,55.30 1 1
github.com/velariumai/pdv/internal/database/history.go:57.2,57.35 1 1
github.com/velariumai/pdv/internal/database/history.go:57.35,59.3 1 0
github.com/velariumai/pdv/internal/database/history.go:60.2,60.19 1 1
github.com/velariumai/pdv/internal/database/history.go:64.92,71.16 3 3
github.com/velariumai/pdv/internal/database/history.go:71.16,72.36 1 2
github.com/velariumai/pdv/internal/database/history.go:72.36,74.4 1 1
github.com/velariumai/pdv/internal/database/history.go:75.3,75.18 1 1
github.com/velariumai/pdv/internal/database/history.go:77.2,77.19 1 1
github.com/velariumai/pdv/internal/database/history.go:81.85,87.16 2 2
github.com/velariumai/pdv/internal/database/history.go:87.16,89.3 1 1
github.com/velariumai/pdv/internal/database/history.go:90.2,90.12 1 1
github.com/velariumai/pdv/internal/database/history.go:94.71,95.91 1 2
github.com/velariumai/pdv/internal/database/history.go:95.91,97.3 1 1
github.com/velariumai/pdv/internal/database/history.go:98.2,98.12 1 1
github.com/velariumai/pdv/internal/database/history.go:101.58,107.16 3 5
github.com/velariumai/pdv/internal/database/history.go:107.16,109.3 1 2
github.com/velariumai/pdv/internal/database/history.go:110.2,111.16 2 3
github.com/velariumai/pdv/internal/database/history.go:111.16,113.3 1 1
github.com/velariumai/pdv/internal/database/history.go:114.2,115.18 2 2
github.com/velariumai/pdv/internal/database/migrations.go:9.31,57.2 1 10
github.com/velariumai/pdv/internal/database/queue.go:14.90,16.20 2 3
github.com/velariumai/pdv/internal/database/queue.go:16.20,18.3 1 1
github.com/velariumai/pdv/internal/database/queue.go:19.2,28.16 4 3
github.com/velariumai/pdv/internal/database/queue.go:28.16,30.3 1 1
github.com/velariumai/pdv/internal/database/queue.go:31.2,32.16 2 2
github.com/velariumai/pdv/internal/database/queue.go:32.16,34.3 1 0
github.com/velariumai/pdv/internal/database/queue.go:35.2,36.16 2 2
github.com/velariumai/pdv/internal/database/queue.go:40.97,43.18 3 2
github.com/velariumai/pdv/internal/database/queue.go:43.18,46.3 2 1
github.com/velariumai/pdv/internal/database/queue.go:47.2,49.16 3 2
github.com/velariumai/pdv/internal/database/queue.go:49.16,51.3 1 1
github.com/velariumai/pdv/internal/database/queue.go:52.2,54.18 3 1
github.com/velariumai/pdv/internal/database/queue.go:54.18,56.17 2 1
github.com/velariumai/pdv/internal/database/queue.go:56.17,58.4 1 0
github.com/velariumai/pdv/internal/database/queue.go:59.3,59.30 1 1
github.com/velariumai/pdv/internal/database/queue.go:61.2,61.35 1 1
github.com/velariumai/pdv/internal/database/queue.go:61.35,63.3 1 0
github.com/velariumai/pdv/internal/database/queue.go:64.2,64.19 1 1
github.com/velariumai/pdv/internal/database/queue.go:68.88,75.16 3 3
github.com/velariumai/pdv/internal/database/queue.go:75.16,76.36 1 2
github.com/velariumai/pdv/internal/database/queue.go:76.36,78.4 1 1
github.com/velariumai/pdv/internal/database/queue.go:79.3,79.18 1 1
github.com/velariumai/pdv/internal/database/queue.go:81.2,81.19 1 1
github.com/velariumai/pdv/internal/database/queue.go:85.81,93.16 3 2
github.com/velariumai/pdv/internal/database/queue.go:93.16,95.3 1 1
github.com/velariumai/pdv/internal/database/queue.go:96.2,96.12 1 1
github.com/velariumai/pdv/internal/database/queue.go:100.69,101.89 1 2
github.com/velariumai/pdv/internal/database/queue.go:101.89,103.3 1 1
github.com/velariumai/pdv/internal/database/queue.go:104.2,104.12 1 1
github.com/velariumai/pdv/internal/database/queue.go:111.54,121.16 7 7
github.com/velariumai/pdv/internal/database/queue.go:121.16,123.3 1 3
github.com/velariumai/pdv/internal/database/queue.go:124.2,125.16 2 4
github.com/velariumai/pdv/internal/database/queue.go:125.16,127.3 1 1
github.com/velariumai/pdv/internal/database/queue.go:128.2,129.16 2 3
github.com/velariumai/pdv/internal/database/queue.go:129.16,131.3 1 0
github.com/velariumai/pdv/internal/database/queue.go:132.2,134.18 3 3
github.com/velariumai/pdv/internal/database/queue.go:134.18,136.3 1 1
github.com/velariumai/pdv/internal/database/queue.go:137.2,138.16 2 3
github.com/velariumai/pdv/internal/database/queue.go:138.16,140.3 1 0
github.com/velariumai/pdv/internal/database/queue.go:141.2,142.16 2 3
github.com/velariumai/pdv/internal/database/queue.go:142.16,144.3 1 0
github.com/velariumai/pdv/internal/database/queue.go:145.2,145.18 1 3
