mode: atomic
github.com/velariumai/pdv/internal/config/config.go:40.20,63.2 1 12
github.com/velariumai/pdv/internal/config/config.go:66.41,70.16 4 4
github.com/velariumai/pdv/internal/config/config.go:70.16,72.3 1 1
github.com/velariumai/pdv/internal/config/config.go:73.2,73.50 1 3
github.com/velariumai/pdv/internal/config/config.go:73.50,75.3 1 0
github.com/velariumai/pdv/internal/config/config.go:76.2,76.17 1 3
github.com/velariumai/pdv/internal/config/config.go:80.42,84.16 4 26
github.com/velariumai/pdv/internal/config/config.go:84.16,86.3 1 0
github.com/velariumai/pdv/internal/config/config.go:87.2,88.48 2 26
github.com/velariumai/pdv/internal/config/config.go:88.48,90.3 1 1
github.com/velariumai/pdv/internal/config/config.go:91.2,92.59 2 25
github.com/velariumai/pdv/internal/config/config.go:92.59,94.3 1 0
github.com/velariumai/pdv/internal/config/config.go:95.2,95.49 1 25
github.com/velariumai/pdv/internal/config/config.go:95.49,98.3 2 0
github.com/velariumai/pdv/internal/config/config.go:99.2,102.12 4 25
github.com/velariumai/pdv/internal/config/config.go:106.49,110.2 3 21
github.com/velariumai/pdv/internal/config/config.go:113.47,115.48 2 30
github.com/velariumai/pdv/internal/config/config.go:115.48,118.3 2 8
github.com/velariumai/pdv/internal/config/config.go:119.2,121.16 3 22
github.com/velariumai/pdv/internal/config/config.go:121.16,123.3 1 1
github.com/velariumai/pdv/internal/config/config.go:124.2,124.37 1 21
github.com/velariumai/pdv/internal/config/config.go:124.37,126.3 1 0
github.com/velariumai/pdv/internal/config/config.go:127.2,127.12 1 21
github.com/velariumai/pdv/internal/config/config.go:130.55,131.13 1 21
github.com/velariumai/pdv/internal/config/config.go:132.30,133.50 1 2
github.com/velariumai/pdv/internal/config/config.go:134.28,135.48 1 1
github.com/velariumai/pdv/internal/config/config.go:136.22,137.29 1 1
github.com/velariumai/pdv/internal/config/config.go:138.25,139.32 1 1
github.com/velariumai/pdv/internal/config/config.go:140.34,141.40 1 1
github.com/velariumai/pdv/internal/config/config.go:142.25,143.32 1 1
github.com/velariumai/pdv/internal/config/config.go:144.22,145.29 1 1
github.com/velariumai/pdv/internal/config/config.go:146.23,147.30 1 1
github.com/velariumai/pdv/internal/config/config.go:148.25,149.52 1 1
github.com/velariumai/pdv/internal/config/config.go:150.19,151.26 1 1
github.com/velariumai/pdv/internal/config/config.go:152.18,153.25 1 1
github.com/velariumai/pdv/internal/config/config.go:154.18,155.39 1 1
github.com/velariumai/pdv/internal/config/config.go:156.18,157.25 1 1
github.com/velariumai/pdv/internal/config/config.go:158.17,159.39 1 1
github.com/velariumai/pdv/internal/config/config.go:160.24,161.45 1 1
github.com/velariumai/pdv/internal/config/config.go:162.25,163.32 1 1
github.com/velariumai/pdv/internal/config/config.go:164.21,165.28 1 1
github.com/velariumai/pdv/internal/config/config.go:166.15,167.23 1 1
github.com/velariumai/pdv/internal/config/config.go:168.20,169.27 1 1
github.com/velariumai/pdv/internal/config/config.go:170.20,171.47 1 1
github.com/velariumai/pdv/internal/config/config.go:172.10,173.19 1 0
github.com/velariumai/pdv/internal/config/config.go:177.53,178.43 1 30
github.com/velariumai/pdv/internal/config/config.go:178.43,180.17 2 12
github.com/velariumai/pdv/internal/config/config.go:180.17,182.4 1 5
github.com/velariumai/pdv/internal/config/config.go:183.3,183.16 1 7
github.com/velariumai/pdv/internal/config/config.go:185.2,185.45 1 30
github.com/velariumai/pdv/internal/config/config.go:185.45,187.17 2 4
github.com/velariumai/pdv/internal/config/config.go:187.17,189.4 1 2
github.com/velariumai/pdv/internal/config/config.go:190.3,190.16 1 2
github.com/velariumai/pdv/internal/config/config.go:192.2,192.13 1 30
github.com/velariumai/pdv/internal/config/config.go:193.30,195.17 2 4
github.com/velariumai/pdv/internal/config/config.go:195.17,197.4 1 1
github.com/velariumai/pdv/internal/config/config.go:198.3,198.27 1 3
github.com/velariumai/pdv/internal/config/config.go:199.28,201.17 2 2
github.com/velariumai/pdv/internal/config/config.go:201.17,203.4 1 1
github.com/velariumai/pdv/internal/config/config.go:204.3,204.25 1 1
github.com/velariumai/pdv/internal/config/config.go:205.22,206.24 1 1
github.com/velariumai/pdv/internal/config/config.go:207.25,208.27 1 1
github.com/velariumai/pdv/internal/config/config.go:209.34,210.35 1 1
github.com/velariumai/pdv/internal/config/config.go:211.25,212.27 1 1
github.com/velariumai/pdv/internal/config/config.go:213.22,214.24 1 1
github.com/velariumai/pdv/internal/config/config.go:215.23,216.25 1 1
github.com/velariumai/pdv/internal/config/config.go:217.25,219.17 2 2
github.com/velariumai/pdv/internal/config/config.go:219.17,221.4 1 1
github.com/velariumai/pdv/internal/config/config.go:222.3,222.23 1 1
github.com/velariumai/pdv/internal/config/config.go:223.19,224.21 1 1
github.com/velariumai/pdv/internal/config/config.go:225.18,226.20 1 1
github.com/velariumai/pdv/internal/config/config.go:227.18,229.17 2 2
github.com/velariumai/pdv/internal/config/config.go:229.17,231.4 1 1
github.com/velariumai/pdv/internal/config/config.go:232.3,232.16 1 1
github.com/velariumai/pdv/internal/config/config.go:233.18,234.20 1 1
github.com/velariumai/pdv/internal/config/config.go:235.17,237.17 2 2
github.com/velariumai/pdv/internal/config/config.go:237.17,239.4 1 1
github.com/velariumai/pdv/internal/config/config.go:240.3,240.16 1 1
github.com/velariumai/pdv/internal/config/config.go:241.24,243.17 2 2
github.com/velariumai/pdv/internal/config/config.go:243.17,245.4 1 1
github.com/velariumai/pdv/internal/config/config.go:246.3,246.22 1 1
github.com/velariumai/pdv/internal/config/config.go:247.25,248.27 1 1
github.com/velariumai/pdv/internal/config/config.go:249.21,250.23 1 1
github.com/velariumai/pdv/internal/config/config.go:251.15,252.18 1 1
github.com/velariumai/pdv/internal/config/config.go:253.20,254.22 1 1
github.com/velariumai/pdv/internal/config/config.go:255.20,257.17 2 2
github.com/velariumai/pdv/internal/config/config.go:257.17,259.4 1 1
github.com/velariumai/pdv/internal/config/config.go:260.3,260.18 1 1
github.com/velariumai/pdv/internal/config/config.go:261.10,262.60 1 1
github.com/velariumai/pdv/internal/config/config.go:264.2,264.12 1 22
github.com/velariumai/pdv/internal/database/db.go:20.58,21.63 1 7
github.com/velariumai/pdv/internal/database/db.go:21.63,23.3 1 1
github.com/velariumai/pdv/internal/database/db.go:24.2,25.16 2 6
github.com/velariumai/pdv/internal/database/db.go:25.16,27.3 1 0
github.com/velariumai/pdv/internal/database/db.go:28.2,30.46 3 6
github.com/velariumai/pdv/internal/database/db.go:30.46,33.3 2 0
github.com/velariumai/pdv/internal/database/db.go:34.2,35.40 2 6
github.com/velariumai/pdv/internal/database/db.go:35.40,38.3 2 0
github.com/velariumai/pdv/internal/database/db.go:39.2,39.16 1 6
github.com/velariumai/pdv/internal/database/db.go:43.29,44.32 1 8
github.com/velariumai/pdv/internal/database/db.go:44.32,46.3 1 1
github.com/velariumai/pdv/internal/database/db.go:47.2,47.39 1 7
github.com/velariumai/pdv/internal/database/db.go:47.39,49.3 1 0
github.com/velariumai/pdv/internal/database/db.go:50.2,50.12 1 7
github.com/velariumai/pdv/internal/database/db.go:54.50,55.54 1 7
github.com/velariumai/pdv/internal/database/db.go:55.54,57.3 1 0
github.com/velariumai/pdv/internal/database/db.go:58.2,58.33 1 7
github.com/velariumai/pdv/internal/database/db.go:58.33,60.17 2 7
github.com/velariumai/pdv/internal/database/db.go:60.17,62.4 1 0
github.com/velariumai/pdv/internal/database/db.go:63.3,63.14 1 7
github.com/velariumai/pdv/internal/database/db.go:63.14,64.12 1 1
github.com/velariumai/pdv/internal/database/db.go:66.3,66.59 1 6
github.com/velariumai/pdv/internal/database/db.go:66.59,68.4 1 0
github.com/velariumai/pdv/internal/database/db.go:69.3,69.51 1 6
github.com/velariumai/pdv/internal/database/db.go:69.51,71.4 1 0
github.com/velariumai/pdv/internal/database/db.go:73.2,73.12 1 7
github.com/velariumai/pdv/internal/database/db.go:76.64,82.57 2 7
github.com/velariumai/pdv/internal/database/db.go:82.57,84.3 1 0
github.com/velariumai/pdv/internal/database/db.go:85.2,85.12 1 7
github.com/velariumai/pdv/internal/database/db.go:88.68,90.124 2 7
github.com/velariumai/pdv/internal/database/db.go:90.124,92.3 1 0
github.com/velariumai/pdv/internal/database/db.go:93.2,93.23 1 7
github.com/velariumai/pdv/internal/database/db.go:96.62,98.128 2 6
github.com/velariumai/pdv/internal/database/db.go:98.128,100.3 1 0
github.com/velariumai/pdv/internal/database/db.go:101.2,101.12 1 6
github.com/velariumai/pdv/internal/database/download.go:14.88,15.26 1 2
github.com/velariumai/pdv/internal/database/download.go:15.26,17.3 1 0
github.com/velariumai/pdv/internal/database/download.go:18.2,23.16 2 2
github.com/velariumai/pdv/internal/database/download.go:23.16,25.3 1 1
github.com/velariumai/pdv/internal/database/download.go:26.2,27.16 2 1
github.com/velariumai/pdv/internal/database/download.go:27.16,29.3 1 0
github.com/velariumai/pdv/internal/database/download.go:30.2,31.16 2 1
github.com/velariumai/pdv/internal/database/download.go:35.97,38.19 3 2
github.com/velariumai/pdv/internal/database/download.go:38.19,41.3 2 1
github.com/velariumai/pdv/internal/database/download.go:42.2,44.16 3 2
github.com/velariumai/pdv/internal/database/download.go:44.16,46.3 1 1
github.com/velariumai/pdv/internal/database/download.go:47.2,49.18 3 1
github.com/velariumai/pdv/internal/database/download.go:49.18,51.17 2 1
github.com/velariumai/pdv/internal/database/download.go:51.17,53.4 1 0
github.com/velariumai/pdv/internal/database/download.go:54.3,54.30 1 1
github.com/velariumai/pdv/internal/database/download.go:56.2,56.35 1 1
github.com/velariumai/pdv/internal/database/download.go:56.35,58.3 1 0
github.com/velariumai/pdv/internal/database/download.go:59.2,59.19 1 1
github.com/velariumai/pdv/internal/database/download.go:63.86,70.16 3 3
github.com/velariumai/pdv/internal/database/download.go:70.16,71.36 1 2
github.com/velariumai/pdv/internal/database/download.go:71.36,73.4 1 1
github.com/velariumai/pdv/internal/database/download.go:74.3,74.18 1 1
github.com/velariumai/pdv/internal/database/download.go:76.2,76.19 1 1
github.com/velariumai/pdv/internal/database/download.go:80.79,86.16 2 2
github.com/velariumai/pdv/internal/database/download.go:86.16,88.3 1 1
github.com/velariumai/pdv/internal/database/download.go:89.2,89.12 1 1
github.com/velariumai/pdv/internal/database/download.go:93.68,94.89 1 2
github.com/velariumai/pdv/internal/database/download.go:94.89,96.3 1 1
github.com/velariumai/pdv/internal/database/download.go:97.2,97.12 1 1
github.com/velariumai/pdv/internal/database/download.go:100.52,105.16 3 5
github.com/velariumai/pdv/internal/database/download.go:105.16,107.3 1 2
github.com/velariumai/pdv/internal/database/download.go:108.2,109.16 2 3
github.com/velariumai/pdv/internal/database/download.go:109.16,111.3 1 1
github.com/velariumai/pdv/internal/database/download.go:112.2,113.18 2 2
github.com/velariumai/pdv/internal/database/helpers.go:9.33,11.2 1 16
github.com/velariumai/pdv/internal/database/helpers.go:13.49,15.16 2 15
github.com/velariumai/pdv/internal/database/helpers.go:15.16,17.3 1 5
github.com/velariumai/pdv/internal/database/helpers.go:18.2,18.15 1 10
github.com/velariumai/pdv/internal/database/helpers.go:21.50,22.14 1 9
github.com/velariumai/pdv/internal/database/helpers.go:22.14,24.3 1 8
github.com/velariumai/pdv/internal/database/helpers.go:25.2,25.56 1 1
github.com/velariumai/pdv/internal/database/helpers.go:28.62,29.14 1 7
github.com/velariumai/pdv/internal/database/helpers.go:29.14,31.3 1 5
github.com/velariumai/pdv/internal/database/helpers.go:32.2,33.16 2 2
github.com/velariumai/pdv/internal/database/helpers.go:33.16,35.3 1 1
github.com/velariumai/pdv/internal/database/helpers.go:36.2,36.16 1 1
github.com/velariumai/pdv/internal/database/helpers.go:39.35,40.12 1 6
github.com/velariumai/pdv/internal/database/helpers.go:40.12,42.3 1 5
github.com/velariumai/pdv/internal/database/helpers.go:43.2,43.52 1 1
github.com/velariumai/pdv/internal/database/history.go:14.94,15.29 1 2
github.com/velariumai/pdv/internal/database/history.go:15.29,17.3 1 0
github.com/velariumai/pdv/internal/database/history.go:18.2,24.16 2 2
github.com/velariumai/pdv/internal/database/history.go:24.16,26.3 1 1
github.com/velariumai/pdv/internal/database/history.go:27.2,28.16 2 1
github.com/velariumai/pdv/internal/database/history.go:28.16,30.3 1 0
github.com/velariumai/pdv/internal/database/history.go:31.2,32.16 2 1
github.com/velariumai/pdv/internal/database/history.go:36.106,39.23 3 2
github.com/velariumai/pdv/internal/database/history.go:39.23,42.3 2 1
github.com/velariumai/pdv/internal/database/history.go:43.2,45.16 3 2
github.com/velariumai/pdv/internal/database/history.go:45.16,47.3 1 1
github.com/velariumai/pdv/internal/database/history.go:48.2,50.18 3 1
github.com/velariumai/pdv/internal/database/history.go:50.18,52.17 2 1
github.com/velariumai/pdv/internal/database/history.go:52.17,54.4 1 0
github.com/velariumai/pdv/internal/database/history.go:55.3,55.30 1 1
github.com/velariumai/pdv/internal/database/history.go:57.2,57.35 1 1
github.com/velariumai/pdv/internal/database/history.go:57.35,59.3 1 0
github.com/velariumai/pdv/internal/database/history.go:60.2,60.19 1 1
github.com/velariumai/pdv/internal/database/history.go:64.92,71.16 3 3
github.com/velariumai/pdv/internal/database/history.go:71.16,72.36 1 2
github.com/velariumai/pdv/internal/database/history.go:72.36,74.4 1 1
github.com/velariumai/pdv/internal/database/history.go:75.3,75.18 1 1
github.com/velariumai/pdv/internal/database/history.go:77.2,77.19 1 1
github.com/velariumai/pdv/internal/database/history.go:81.85,87.16 2 2
github.com/velariumai/pdv/internal/database/history.go:87.16,89.3 1 1
github.com/velariumai/pdv/internal/database/history.go:90.2,90.12 1 1
github.com/velariumai/pdv/internal/database/history.go:94.71,95.91 1 2
github.com/velariumai/pdv/internal/database/history.go:95.91,97.3 1 1
github.com/velariumai/pdv/internal/database/history.go:98.2,98.12 1 1
github.com/velariumai/pdv/internal/database/history.go:101.58,107.16 3 5
github.com/velariumai/pdv/internal/database/history.go:107.16,109.3 1 2
github.com/velariumai/pdv/internal/database/history.go:110.2,111.16 2 3
github.com/velariumai/pdv/internal/database/history.go:111.16,113.3 1 1
github.com/velariumai/pdv/internal/database/history.go:114.2,115.18 2 2
github.com/velariumai/pdv/internal/database/migrations.go:9.31,57.2 1 7
github.com/velariumai/pdv/internal/database/queue.go:14.90,16.20 2 2
github.com/velariumai/pdv/internal/database/queue.go:16.20,18.3 1 0
github.com/velariumai/pdv/internal/database/queue.go:19.2,28.16 4 2
github.com/velariumai/pdv/internal/database/queue.go:28.16,30.3 1 1
github.com/velariumai/pdv/internal/database/queue.go:31.2,32.16 2 1
github.com/velariumai/pdv/internal/database/queue.go:32.16,34.3 1 0
github.com/velariumai/pdv/internal/database/queue.go:35.2,36.16 2 1
github.com/velariumai/pdv/internal/database/queue.go:40.97,43.18 3 2
github.com/velariumai/pdv/internal/database/queue.go:43.18,46.3 2 1
github.com/velariumai/pdv/internal/database/queue.go:47.2,49.16 3 2
github.com/velariumai/pdv/internal/database/queue.go:49.16,51.3 1 1
github.com/velariumai/pdv/internal/database/queue.go:52.2,54.18 3 1
github.com/velariumai/pdv/internal/database/queue.go:54.18,56.17 2 1
github.com/velariumai/pdv/internal/database/queue.go:56.17,58.4 1 0
github.com/velariumai/pdv/internal/database/queue.go:59.3,59.30 1 1
github.com/velariumai/pdv/internal/database/queue.go:61.2,61.35 1 1
github.com/velariumai/pdv/internal/database/queue.go:61.35,63.3 1 0
github.com/velariumai/pdv/internal/database/queue.go:64.2,64.19 1 1
github.com/velariumai/pdv/internal/database/queue.go:68.88,75.16 3 3
github.com/velariumai/pdv/internal/database/queue.go:75.16,76.36 1 2
github.com/velariumai/pdv/internal/database/queue.go:76.36,78.4 1 1
github.com/velariumai/pdv/internal/database/queue.go:79.3,79.18 1 1
github.com/velariumai/pdv/internal/database/queue.go:81.2,81.19 1 1
github.com/velariumai/pdv/internal/database/queue.go:85.81,93.16 3 2
github.com/velariumai/pdv/internal/database/queue.go:93.16,95.3 1 1
github.com/velariumai/pdv/internal/database/queue.go:96.2,96.12 1 1
github.com/velariumai/pdv/internal/database/queue.go:100.69,101.89 1 2
github.com/velariumai/pdv/internal/database/queue.go:101.89,103.3 1 1
github.com/velariumai/pdv/internal/database/queue.go:104.2,104.12 1 1
github.com/velariumai/pdv/internal/database/queue.go:111.54,121.16 7 6
github.com/velariumai/pdv/internal/database/queue.go:121.16,123.3 1 3
github.com/velariumai/pdv/internal/database/queue.go:124.2,125.16 2 3
github.com/velariumai/pdv/internal/database/queue.go:125.16,127.3 1 1
github.com/velariumai/pdv/internal/database/queue.go:128.2,129.16 2 2
github.com/velariumai/pdv/internal/database/queue.go:129.16,131.3 1 0
github.com/velariumai/pdv/internal/database/queue.go:132.2,134.18 3 2
github.com/velariumai/pdv/internal/database/queue.go:134.18,136.3 1 0
github.com/velariumai/pdv/internal/database/queue.go:137.2,138.16 2 2
github.com/velariumai/pdv/internal/database/queue.go:138.16,140.3 1 0
github.com/velariumai/pdv/internal/database/queue.go:141.2,142.16 2 2
github.com/velariumai/pdv/internal/database/queue.go:142.16,144.3 1 0
github.com/velariumai/pdv/internal/database/queue.go:145.2,145.18 1 2
